<?xml version="1.0" encoding="UTF-8"?>
<!-- Generated by org.testng.reporters.JUnitReportReporter -->
<testsuite hostname="DESKTOP-FALBJAG" failures="0" tests="1" name="testAddition.TestAdd" time="0.044" errors="0" timestamp="2022-09-23T17:54:20 IST" skipped="0">
  <testcase classname="testAddition.TestAdd" name="addTwoNum" time="0.044"/>
  <system-out/>
</testsuite> <!-- testAddition.TestAdd -->
