<?xml version="1.0" encoding="UTF-8"?>
<!-- Generated by org.testng.reporters.JUnitReportReporter -->
<testsuite hostname="DESKTOP-FALBJAG" failures="0" tests="1" name="PageObjectModel.PageObjectModel.ProductCatalogMore" time="19.083" errors="0" timestamp="2022-09-23T15:13:18 IST" skipped="0">
  <testcase classname="PageObjectModel.PageObjectModel.ProductCatalogMore" name="addProductToCart" time="19.083"/>
  <system-out/>
</testsuite> <!-- PageObjectModel.PageObjectModel.ProductCatalogMore -->
