<?xml version="1.0" encoding="UTF-8"?>
<!-- Generated by org.testng.reporters.JUnitReportReporter -->
<testsuite hostname="DESKTOP-FALBJAG" failures="0" tests="1" name="PageObjectModel.PageObjectModel.CheckCart" time="15.305" errors="0" timestamp="2022-09-22T18:15:55 IST" skipped="0">
  <testcase classname="PageObjectModel.PageObjectModel.CheckCart" name="test1" time="15.305"/>
  <system-out/>
</testsuite> <!-- PageObjectModel.PageObjectModel.CheckCart -->
