<?xml version="1.0" encoding="UTF-8"?>
<!-- Generated by org.testng.reporters.JUnitReportReporter -->
<testsuite hostname="DESKTOP-FALBJAG" failures="0" tests="3" name="testSub.TestDiv" time="0.034" errors="0" timestamp="2022-09-23T18:36:43 IST" skipped="0">
  <testcase classname="testSub.TestDiv" name="divTwoNum" time="0.008"/>
  <system-out/>
  <testcase classname="testSub.TestDiv" name="divTwoNum" time="0.009"/>
  <system-out/>
  <testcase classname="testSub.TestDiv" name="divTwoNum" time="0.017"/>
  <system-out/>
</testsuite> <!-- testSub.TestDiv -->
