<?xml version="1.0" encoding="UTF-8"?>
<!-- Generated by org.testng.reporters.JUnitReportReporter -->
<testsuite hostname="DESKTOP-FALBJAG" failures="0" tests="1" name="testSub.TestSub" time="0.009" errors="0" timestamp="2022-09-23T16:02:54 IST" skipped="0">
  <testcase classname="testSub.TestSub" name="subTwoNum" time="0.009"/>
  <system-out/>
</testsuite> <!-- testSub.TestSub -->
