<?xml version="1.0" encoding="UTF-8"?>
<!-- Generated by org.testng.reporters.JUnitReportReporter -->
<testsuite hostname="DESKTOP-FALBJAG" failures="0" tests="1" name="PageObjectModel.PageObjectModel.ProductCatalog" time="14.575" errors="0" timestamp="2022-10-02T13:57:39 IST" skipped="0">
  <testcase classname="PageObjectModel.PageObjectModel.ProductCatalog" name="checking" time="14.575"/>
  <system-out/>
</testsuite> <!-- PageObjectModel.PageObjectModel.ProductCatalog -->
