<?xml version="1.0" encoding="UTF-8"?>
<!-- Generated by org.testng.reporters.JUnitReportReporter -->
<testsuite hostname="DESKTOP-FALBJAG" failures="0" tests="1" name="testAddition.TestMul" time="0.018" errors="0" timestamp="2022-09-23T17:54:20 IST" skipped="0">
  <testcase classname="testAddition.TestMul" name="multiplyTwoNum" time="0.018"/>
  <system-out/>
</testsuite> <!-- testAddition.TestMul -->
